
****** PlanAhead v14.7 (64-bit)
  **** Build 321239 by xbuild on Fri Sep 27 19:29:51 MDT 2013
    ** Copyright 1986-1999, 2001-2013 Xilinx, Inc. All Rights Reserved.

INFO: [Common 17-78] Attempting to get a license: PlanAhead
INFO: [Common 17-290] Got license for PlanAhead
INFO: [Device 21-36] Loading parts and site information from D:/Xilinx/14.7/ISE_DS/PlanAhead/data/parts/arch.xml
Parsing RTL primitives file [D:/Xilinx/14.7/ISE_DS/PlanAhead/data/parts/xilinx/rtl/prims/rtl_prims.xml]
Finished parsing RTL primitives file [D:/Xilinx/14.7/ISE_DS/PlanAhead/data/parts/xilinx/rtl/prims/rtl_prims.xml]
start_gui
source D:/CPU_Pipeline_DataHazard/lab3/pa.fromNetlist.tcl
# create_project -name lab3 -dir "D:/CPU_Pipeline_DataHazard/lab3/planAhead_run_1" -part xc6slx16csg324-3
# set_property design_mode GateLvl [get_property srcset [current_run -impl]]
# set_property edif_top_file "D:/CPU_Pipeline_DataHazard/lab3/cpu_top_cs.ngc" [ get_property srcset [ current_run ] ]
# add_files -norecurse { {D:/CPU_Pipeline_DataHazard/lab3} }
# set_property target_constrs_file "cpu_top.ucf" [current_fileset -constrset]
Adding file 'D:/CPU_Pipeline_DataHazard/lab3/cpu_top.ucf' to fileset 'constrs_1'
# add_files [list {cpu_top.ucf}] -fileset [get_property constrset [current_run]]
# link_design
Design is defaulting to srcset: sources_1
Design is defaulting to constrset: constrs_1
Design is defaulting to project part: xc6slx16csg324-3
Release 14.7 - ngc2edif P.20131013 (nt64)
Copyright (c) 1995-2013 Xilinx, Inc.  All rights reserved.
Reading design cpu_top_cs.ngc ...
Processing design ...
   Preping design's networks ...
   Preping design's macros ...
WARNING:NetListWriters:306 - Signal bus
   U0/I_NO_D.U_ILA/U_RST/U_HALT_XFER/iDOUT_dly<2 : 0> on block ila_pro_0 is not
   reconstructed, because there are some missing bus signals.
WARNING:NetListWriters:306 - Signal bus
   U0/I_NO_D.U_ILA/U_RST/U_ARM_XFER/iDOUT_dly<4 : 0> on block ila_pro_0 is not
   reconstructed, because there are some missing bus signals.
WARNING:NetListWriters:306 - Signal bus U0/U_ICON/iCORE_ID_SEL<15 : 0> on block
   icon_pro is not reconstructed, because there are some missing bus signals.
  finished :Prep
Writing EDIF netlist file cpu_top_cs.edif ...
ngc2edif: Total memory usage is 4343472 kilobytes

Parsing EDIF File [./planAhead_run_1/lab3.data/cache/cpu_top_cs_ngc_zx.edif]
Finished Parsing EDIF File [./planAhead_run_1/lab3.data/cache/cpu_top_cs_ngc_zx.edif]
INFO: [Netlist 29-17] Analyzing 1 Unisim elements for replacement
INFO: [Netlist 29-28] Unisim Transformation completed in 0 CPU seconds
WARNING: [Netlist 29-43] Netlist 'cpu_top' is not ideal for floorplanning, since the cellview 'cpu_top' defined in file 'cpu_top_cs.ngc' contains large number of primitives.  Please consider enabling hierarchy in synthesis if you want to do floorplanning.
Loading clock regions from D:/Xilinx/14.7/ISE_DS/PlanAhead/data\parts/xilinx/spartan6/spartan6lx/xc6slx16/ClockRegion.xml
Loading clock buffers from D:/Xilinx/14.7/ISE_DS/PlanAhead/data\parts/xilinx/spartan6/spartan6lx/xc6slx16/ClockBuffers.xml
Loading package pin functions from D:/Xilinx/14.7/ISE_DS/PlanAhead/data\parts/xilinx/spartan6/PinFunctions.xml...
Loading package from D:/Xilinx/14.7/ISE_DS/PlanAhead/data\parts/xilinx/spartan6/spartan6lx/xc6slx16/csg324/Package.xml
Loading io standards from D:/Xilinx/14.7/ISE_DS/PlanAhead/data\./parts/xilinx/spartan6/IOStandards.xml
Loading device configuration modes from D:/Xilinx/14.7/ISE_DS/PlanAhead/data\parts/xilinx/spartan6/ConfigModes.xml
Loading list of drcs for the architecture : D:/Xilinx/14.7/ISE_DS/PlanAhead/data\./parts/xilinx/spartan6/drc.xml
WARNING: [Timing 38-83] Timing library cell SRLC32E does not define port A[4] which is referred to in the netlist. The library cell will be ignored and the cell will be treated as a black box for timing purposes.
WARNING: [Timing 38-83] Timing library cell SRLC32E does not define port A[3] which is referred to in the netlist. The library cell will be ignored and the cell will be treated as a black box for timing purposes.
WARNING: [Timing 38-83] Timing library cell SRLC32E does not define port A[2] which is referred to in the netlist. The library cell will be ignored and the cell will be treated as a black box for timing purposes.
WARNING: [Timing 38-83] Timing library cell SRLC32E does not define port A[1] which is referred to in the netlist. The library cell will be ignored and the cell will be treated as a black box for timing purposes.
WARNING: [Timing 38-83] Timing library cell SRLC32E does not define port A[0] which is referred to in the netlist. The library cell will be ignored and the cell will be treated as a black box for timing purposes.
Parsing UCF File [D:/CPU_Pipeline_DataHazard/lab3/.Xil/PlanAhead-8428-DESKTOP-SA6T33A/ngc2edif/cpu_top_cs.xncf]
Finished Parsing UCF File [D:/CPU_Pipeline_DataHazard/lab3/.Xil/PlanAhead-8428-DESKTOP-SA6T33A/ngc2edif/cpu_top_cs.xncf]
Parsing UCF File [D:/CPU_Pipeline_DataHazard/lab3/cpu_top.ucf]
Finished Parsing UCF File [D:/CPU_Pipeline_DataHazard/lab3/cpu_top.ucf]
INFO: [Project 1-111] Unisim Transformation Summary:
  A total of 1 instances were transformed.
  BUFGP => BUFGP (IBUF, BUFG): 1 instances

Phase 0 | Netlist Checksum: eda23b57
link_design: Time (s): elapsed = 00:00:12 . Memory (MB): peak = 666.211 ; gain = 179.469
INFO: [Common 17-41] Interrupt caught. Command should exit soon.
INFO: [Common 17-344] 'source' was cancelled
exit
ERROR: [Common 17-39] 'stop_gui' failed due to earlier errors.
INFO: [Common 17-206] Exiting PlanAhead at Mon Dec 28 17:06:23 2020...
INFO: [Common 17-83] Releasing license: PlanAhead
